app/build/intermediates/manifest_merge_blame_file/debug/manifest-merger-blame-debug-report.txt
1<?xml version="1.0" encoding="utf-8"?>
2<manifest xmlns:android="http://schemas.android.com/apk/res/android"
3    package="com.example.goodproject"
4    android:versionCode="1"
5    android:versionName="1.0" >
6
7    <uses-sdk
8        android:minSdkVersion="21"
8-->src\main\AndroidManifest.xml
9        android:targetSdkVersion="29" />
9-->src\main\AndroidManifest.xml
10
11    <!-- Although the *SdkVersion is captured in gradle build files, this is required for non gradle builds -->
12    <!-- <uses-sdk android:minSdkVersion="14"/> -->
13    <uses-permission android:name="android.permission.ACCESS_NETWORK_STATE" />
13-->[com.google.firebase:firebase-database:19.2.0] AndroidManifest.xml:25:5-79
13-->[com.google.firebase:firebase-database:19.2.0] AndroidManifest.xml:25:22-76
14    <uses-permission android:name="android.permission.INTERNET" />
14-->[com.google.firebase:firebase-database:19.2.0] AndroidManifest.xml:26:5-67
14-->[com.google.firebase:firebase-database:19.2.0] AndroidManifest.xml:26:22-64
15    <uses-permission android:name="android.permission.WAKE_LOCK" /> <!-- Required by older versions of Google Play services to create IID tokens -->
15-->[com.google.android.gms:play-services-measurement-api:17.2.1] AndroidManifest.xml:24:5-68
15-->[com.google.android.gms:play-services-measurement-api:17.2.1] AndroidManifest.xml:24:22-65
16    <uses-permission android:name="com.google.android.c2dm.permission.RECEIVE" />
16-->[com.google.firebase:firebase-iid:19.0.0] AndroidManifest.xml:26:5-82
16-->[com.google.firebase:firebase-iid:19.0.0] AndroidManifest.xml:26:22-79
17    <uses-permission android:name="com.google.android.finsky.permission.BIND_GET_INSTALL_REFERRER_SERVICE" />
17-->[com.google.android.gms:play-services-measurement:17.2.1] AndroidManifest.xml:26:5-110
17-->[com.google.android.gms:play-services-measurement:17.2.1] AndroidManifest.xml:26:22-107
18
19    <application
19-->src\main\AndroidManifest.xml:5:5-27:19
20        android:allowBackup="true"
20-->src\main\AndroidManifest.xml:6:9-35
21        android:appComponentFactory="androidx.core.app.CoreComponentFactory"
21-->[androidx.core:core:1.1.0] AndroidManifest.xml:24:18-86
22        android:debuggable="true"
23        android:icon="@mipmap/ic_launcher"
23-->src\main\AndroidManifest.xml:7:9-43
24        android:label="@string/app_name"
24-->src\main\AndroidManifest.xml:8:9-41
25        android:roundIcon="@mipmap/ic_launcher_round"
25-->src\main\AndroidManifest.xml:9:9-54
26        android:supportsRtl="true"
26-->src\main\AndroidManifest.xml:10:9-35
27        android:testOnly="true"
28        android:theme="@style/AppTheme" >
28-->src\main\AndroidManifest.xml:11:9-40
29        <activity
29-->src\main\AndroidManifest.xml:12:9-15:68
30            android:name="com.example.goodproject.MapActivity"
30-->src\main\AndroidManifest.xml:13:13-40
31            android:label="@string/title_activity_map"
31-->src\main\AndroidManifest.xml:14:13-55
32            android:theme="@style/AppTheme.NoActionBar" />
32-->src\main\AndroidManifest.xml:15:13-56
33        <activity android:name="com.example.goodproject.MainActivity" >
33-->src\main\AndroidManifest.xml:16:9-22:20
33-->src\main\AndroidManifest.xml:16:19-47
34            <intent-filter>
34-->src\main\AndroidManifest.xml:17:13-21:29
35                <action android:name="android.intent.action.MAIN" />
35-->src\main\AndroidManifest.xml:18:17-69
35-->src\main\AndroidManifest.xml:18:25-66
36
37                <category android:name="android.intent.category.LAUNCHER" />
37-->src\main\AndroidManifest.xml:20:17-77
37-->src\main\AndroidManifest.xml:20:27-74
38            </intent-filter>
39        </activity>
40
41        <meta-data
41-->src\main\AndroidManifest.xml:24:9-26:57
42            android:name="preloaded_fonts"
42-->src\main\AndroidManifest.xml:25:13-43
43            android:resource="@array/preloaded_fonts" />
43-->src\main\AndroidManifest.xml:26:13-54
44
45        <service
45-->[com.google.firebase:firebase-database:19.2.0] AndroidManifest.xml:29:9-35:19
46            android:name="com.google.firebase.components.ComponentDiscoveryService"
46-->[com.google.firebase:firebase-database:19.2.0] AndroidManifest.xml:30:13-84
47            android:directBootAware="true"
47-->[com.google.firebase:firebase-common:19.3.0] AndroidManifest.xml:34:13-43
48            android:exported="false" >
48-->[com.google.firebase:firebase-database:19.2.0] AndroidManifest.xml:31:13-37
49            <meta-data
49-->[com.google.firebase:firebase-database:19.2.0] AndroidManifest.xml:32:13-34:85
50                android:name="com.google.firebase.components:com.google.firebase.database.DatabaseRegistrar"
50-->[com.google.firebase:firebase-database:19.2.0] AndroidManifest.xml:33:17-109
51                android:value="com.google.firebase.components.ComponentRegistrar" />
51-->[com.google.firebase:firebase-database:19.2.0] AndroidManifest.xml:34:17-82
52            <meta-data
52-->[com.google.firebase:firebase-auth:19.2.0] AndroidManifest.xml:36:13-38:85
53                android:name="com.google.firebase.components:com.google.firebase.auth.FirebaseAuthRegistrar"
53-->[com.google.firebase:firebase-auth:19.2.0] AndroidManifest.xml:37:17-109
54                android:value="com.google.firebase.components.ComponentRegistrar" />
54-->[com.google.firebase:firebase-auth:19.2.0] AndroidManifest.xml:38:17-82
55            <meta-data
55-->[com.google.firebase:firebase-firestore:21.3.1] AndroidManifest.xml:20:13-22:85
56                android:name="com.google.firebase.components:com.google.firebase.firestore.FirestoreRegistrar"
56-->[com.google.firebase:firebase-firestore:21.3.1] AndroidManifest.xml:21:17-111
57                android:value="com.google.firebase.components.ComponentRegistrar" />
57-->[com.google.firebase:firebase-firestore:21.3.1] AndroidManifest.xml:22:17-82
58            <meta-data
58-->[com.google.android.gms:play-services-measurement-api:17.2.1] AndroidManifest.xml:30:13-32:85
59                android:name="com.google.firebase.components:com.google.firebase.analytics.connector.internal.AnalyticsConnectorRegistrar"
59-->[com.google.android.gms:play-services-measurement-api:17.2.1] AndroidManifest.xml:31:17-139
60                android:value="com.google.firebase.components.ComponentRegistrar" />
60-->[com.google.android.gms:play-services-measurement-api:17.2.1] AndroidManifest.xml:32:17-82
61            <meta-data
61-->[com.google.firebase:firebase-iid:19.0.0] AndroidManifest.xml:32:13-34:85
62                android:name="com.google.firebase.components:com.google.firebase.iid.Registrar"
62-->[com.google.firebase:firebase-iid:19.0.0] AndroidManifest.xml:33:17-96
63                android:value="com.google.firebase.components.ComponentRegistrar" />
63-->[com.google.firebase:firebase-iid:19.0.0] AndroidManifest.xml:34:17-82
64        </service>
65
66        <activity
66-->[com.google.firebase:firebase-auth:19.2.0] AndroidManifest.xml:24:9-31:50
67            android:name="com.google.firebase.auth.internal.FederatedSignInActivity"
67-->[com.google.firebase:firebase-auth:19.2.0] AndroidManifest.xml:25:13-85
68            android:excludeFromRecents="true"
68-->[com.google.firebase:firebase-auth:19.2.0] AndroidManifest.xml:26:13-46
69            android:exported="true"
69-->[com.google.firebase:firebase-auth:19.2.0] AndroidManifest.xml:27:13-36
70            android:launchMode="singleTask"
70-->[com.google.firebase:firebase-auth:19.2.0] AndroidManifest.xml:28:13-44
71            android:permission="com.google.firebase.auth.api.gms.permission.LAUNCH_FEDERATED_SIGN_IN"
71-->[com.google.firebase:firebase-auth:19.2.0] AndroidManifest.xml:29:13-102
72            android:theme="@android:style/Theme.Translucent.NoTitleBar" />
72-->[com.google.firebase:firebase-auth:19.2.0] AndroidManifest.xml:30:13-72
73
74        <receiver
74-->[com.google.firebase:firebase-iid:19.0.0] AndroidManifest.xml:37:9-44:20
75            android:name="com.google.firebase.iid.FirebaseInstanceIdReceiver"
75-->[com.google.firebase:firebase-iid:19.0.0] AndroidManifest.xml:38:13-78
76            android:exported="true"
76-->[com.google.firebase:firebase-iid:19.0.0] AndroidManifest.xml:39:13-36
77            android:permission="com.google.android.c2dm.permission.SEND" >
77-->[com.google.firebase:firebase-iid:19.0.0] AndroidManifest.xml:40:13-73
78            <intent-filter>
78-->[com.google.firebase:firebase-iid:19.0.0] AndroidManifest.xml:41:13-43:29
79                <action android:name="com.google.android.c2dm.intent.RECEIVE" />
79-->[com.google.firebase:firebase-iid:19.0.0] AndroidManifest.xml:42:17-81
79-->[com.google.firebase:firebase-iid:19.0.0] AndroidManifest.xml:42:25-78
80            </intent-filter>
81        </receiver>
82
83        <activity
83-->[com.google.android.gms:play-services-base:17.1.0] AndroidManifest.xml:23:9-26:75
84            android:name="com.google.android.gms.common.api.GoogleApiActivity"
84-->[com.google.android.gms:play-services-base:17.1.0] AndroidManifest.xml:24:13-79
85            android:exported="false"
85-->[com.google.android.gms:play-services-base:17.1.0] AndroidManifest.xml:25:13-37
86            android:theme="@android:style/Theme.Translucent.NoTitleBar" />
86-->[com.google.android.gms:play-services-base:17.1.0] AndroidManifest.xml:26:13-72
87
88        <provider
88-->[com.google.firebase:firebase-common:19.3.0] AndroidManifest.xml:26:9-30:39
89            android:name="com.google.firebase.provider.FirebaseInitProvider"
89-->[com.google.firebase:firebase-common:19.3.0] AndroidManifest.xml:27:13-77
90            android:authorities="com.example.goodproject.firebaseinitprovider"
90-->[com.google.firebase:firebase-common:19.3.0] AndroidManifest.xml:28:13-72
91            android:exported="false"
91-->[com.google.firebase:firebase-common:19.3.0] AndroidManifest.xml:29:13-37
92            android:initOrder="100" />
92-->[com.google.firebase:firebase-common:19.3.0] AndroidManifest.xml:30:13-36
93
94        <receiver
94-->[com.google.android.gms:play-services-measurement:17.2.1] AndroidManifest.xml:29:9-33:20
95            android:name="com.google.android.gms.measurement.AppMeasurementReceiver"
95-->[com.google.android.gms:play-services-measurement:17.2.1] AndroidManifest.xml:30:13-85
96            android:enabled="true"
96-->[com.google.android.gms:play-services-measurement:17.2.1] AndroidManifest.xml:31:13-35
97            android:exported="false" >
97-->[com.google.android.gms:play-services-measurement:17.2.1] AndroidManifest.xml:32:13-37
98        </receiver>
99        <receiver
99-->[com.google.android.gms:play-services-measurement:17.2.1] AndroidManifest.xml:34:9-42:20
100            android:name="com.google.android.gms.measurement.AppMeasurementInstallReferrerReceiver"
100-->[com.google.android.gms:play-services-measurement:17.2.1] AndroidManifest.xml:35:13-100
101            android:enabled="true"
101-->[com.google.android.gms:play-services-measurement:17.2.1] AndroidManifest.xml:36:13-35
102            android:exported="true"
102-->[com.google.android.gms:play-services-measurement:17.2.1] AndroidManifest.xml:37:13-36
103            android:permission="android.permission.INSTALL_PACKAGES" >
103-->[com.google.android.gms:play-services-measurement:17.2.1] AndroidManifest.xml:38:13-69
104            <intent-filter>
104-->[com.google.android.gms:play-services-measurement:17.2.1] AndroidManifest.xml:39:13-41:29
105                <action android:name="com.android.vending.INSTALL_REFERRER" />
105-->[com.google.android.gms:play-services-measurement:17.2.1] AndroidManifest.xml:40:17-79
105-->[com.google.android.gms:play-services-measurement:17.2.1] AndroidManifest.xml:40:25-76
106            </intent-filter>
107        </receiver>
108
109        <service
109-->[com.google.android.gms:play-services-measurement:17.2.1] AndroidManifest.xml:44:9-47:40
110            android:name="com.google.android.gms.measurement.AppMeasurementService"
110-->[com.google.android.gms:play-services-measurement:17.2.1] AndroidManifest.xml:45:13-84
111            android:enabled="true"
111-->[com.google.android.gms:play-services-measurement:17.2.1] AndroidManifest.xml:46:13-35
112            android:exported="false" />
112-->[com.google.android.gms:play-services-measurement:17.2.1] AndroidManifest.xml:47:13-37
113        <service
113-->[com.google.android.gms:play-services-measurement:17.2.1] AndroidManifest.xml:48:9-52:72
114            android:name="com.google.android.gms.measurement.AppMeasurementJobService"
114-->[com.google.android.gms:play-services-measurement:17.2.1] AndroidManifest.xml:49:13-87
115            android:enabled="true"
115-->[com.google.android.gms:play-services-measurement:17.2.1] AndroidManifest.xml:50:13-35
116            android:exported="false"
116-->[com.google.android.gms:play-services-measurement:17.2.1] AndroidManifest.xml:51:13-37
117            android:permission="android.permission.BIND_JOB_SERVICE" />
117-->[com.google.android.gms:play-services-measurement:17.2.1] AndroidManifest.xml:52:13-69
118
119        <meta-data
119-->[com.google.android.gms:play-services-basement:17.0.0] AndroidManifest.xml:23:9-25:69
120            android:name="com.google.android.gms.version"
120-->[com.google.android.gms:play-services-basement:17.0.0] AndroidManifest.xml:24:13-58
121            android:value="@integer/google_play_services_version" />
121-->[com.google.android.gms:play-services-basement:17.0.0] AndroidManifest.xml:25:13-66
122
123        <provider
123-->[androidx.lifecycle:lifecycle-process:2.1.0] AndroidManifest.xml:23:9-27:43
124            android:name="androidx.lifecycle.ProcessLifecycleOwnerInitializer"
124-->[androidx.lifecycle:lifecycle-process:2.1.0] AndroidManifest.xml:24:13-79
125            android:authorities="com.example.goodproject.lifecycle-process"
125-->[androidx.lifecycle:lifecycle-process:2.1.0] AndroidManifest.xml:25:13-69
126            android:exported="false"
126-->[androidx.lifecycle:lifecycle-process:2.1.0] AndroidManifest.xml:26:13-37
127            android:multiprocess="true" />
127-->[androidx.lifecycle:lifecycle-process:2.1.0] AndroidManifest.xml:27:13-40
128    </application>
129
130</manifest>